# JRE version: Java(TM) SE Runtime Environment (8.0_161-b12) (build 1.8.0_161-b12)
# Java VM: Java HotSpot(TM) 64-Bit Server VM (25.161-b12 mixed mode windows-amd64 compressed oops)
Heap:
 PSYoungGen      total 238592K, used 35459K [0x00000000d5b80000, 0x00000000e6c00000, 0x0000000100000000)
  eden space 228864K, 15% used [0x00000000d5b80000,0x00000000d7e20c60,0x00000000e3b00000)
  from space 9728K, 0% used [0x00000000e5980000,0x00000000e5980000,0x00000000e6300000)
  to   space 9216K, 0% used [0x00000000e6300000,0x00000000e6300000,0x00000000e6c00000)
 ParOldGen       total 123904K, used 28795K [0x0000000081200000, 0x0000000088b00000, 0x00000000d5b80000)
  object space 123904K, 23% used [0x0000000081200000,0x0000000082e1eda0,0x0000000088b00000)
 Metaspace       used 36358K, capacity 37132K, committed 37544K, reserved 1081344K
  class space    used 4464K, capacity 4681K, committed 4776K, reserved 1048576K
GC Heap History (10 events):
Event: 4.424 GC heap before
{Heap before GC invocations=7 (full 0):
 PSYoungGen      total 144896K, used 46044K [0x00000000d5b80000, 0x00000000df680000, 0x0000000100000000)
  eden space 132608K, 27% used [0x00000000d5b80000,0x00000000d7ec8eb0,0x00000000ddd00000)
  from space 12288K, 80% used [0x00000000de980000,0x00000000df32e3d0,0x00000000df580000)
  to   space 12800K, 0% used [0x00000000ddd00000,0x00000000ddd00000,0x00000000de980000)
 ParOldGen       total 87552K, used 16781K [0x0000000081200000, 0x0000000086780000, 0x00000000d5b80000)
  object space 87552K, 19% used [0x0000000081200000,0x0000000082263548,0x0000000086780000)
 Metaspace       used 20593K, capacity 21140K, committed 21296K, reserved 1069056K
  class space    used 2479K, capacity 2632K, committed 2688K, reserved 1048576K
Event: 4.443 GC heap after
Heap after GC invocations=7 (full 0):
 PSYoungGen      total 145408K, used 11457K [0x00000000d5b80000, 0x00000000e7880000, 0x0000000100000000)
  eden space 132608K, 0% used [0x00000000d5b80000,0x00000000d5b80000,0x00000000ddd00000)
  from space 12800K, 89% used [0x00000000ddd00000,0x00000000de830428,0x00000000de980000)
  to   space 13312K, 0% used [0x00000000e6b80000,0x00000000e6b80000,0x00000000e7880000)
 ParOldGen       total 87552K, used 18637K [0x0000000081200000, 0x0000000086780000, 0x00000000d5b80000)
  object space 87552K, 21% used [0x0000000081200000,0x0000000082433448,0x0000000086780000)
 Metaspace       used 20593K, capacity 21140K, committed 21296K, reserved 1069056K
  class space    used 2479K, capacity 2632K, committed 2688K, reserved 1048576K
}
Event: 4.443 GC heap before
{Heap before GC invocations=8 (full 1):
 PSYoungGen      total 145408K, used 11457K [0x00000000d5b80000, 0x00000000e7880000, 0x0000000100000000)
  eden space 132608K, 0% used [0x00000000d5b80000,0x00000000d5b80000,0x00000000ddd00000)
  from space 12800K, 89% used [0x00000000ddd00000,0x00000000de830428,0x00000000de980000)
  to   space 13312K, 0% used [0x00000000e6b80000,0x00000000e6b80000,0x00000000e7880000)
 ParOldGen       total 87552K, used 18637K [0x0000000081200000, 0x0000000086780000, 0x00000000d5b80000)
  object space 87552K, 21% used [0x0000000081200000,0x0000000082433448,0x0000000086780000)
 Metaspace       used 20593K, capacity 21140K, committed 21296K, reserved 1069056K
  class space    used 2479K, capacity 2632K, committed 2688K, reserved 1048576K
Event: 4.556 GC heap after
Heap after GC invocations=8 (full 1):
 PSYoungGen      total 145408K, used 0K [0x00000000d5b80000, 0x00000000e7880000, 0x0000000100000000)
  eden space 132608K, 0% used [0x00000000d5b80000,0x00000000d5b80000,0x00000000ddd00000)
  from space 12800K, 0% used [0x00000000ddd00000,0x00000000ddd00000,0x00000000de980000)
  to   space 13312K, 0% used [0x00000000e6b80000,0x00000000e6b80000,0x00000000e7880000)
 ParOldGen       total 82944K, used 22789K [0x0000000081200000, 0x0000000086300000, 0x00000000d5b80000)
  object space 82944K, 27% used [0x0000000081200000,0x0000000082841718,0x0000000086300000)
 Metaspace       used 20593K, capacity 21140K, committed 21296K, reserved 1069056K
  class space    used 2479K, capacity 2632K, committed 2688K, reserved 1048576K
}
Event: 5.863 GC heap before
{Heap before GC invocations=9 (full 1):
 PSYoungGen      total 145408K, used 132608K [0x00000000d5b80000, 0x00000000e7880000, 0x0000000100000000)
  eden space 132608K, 100% used [0x00000000d5b80000,0x00000000ddd00000,0x00000000ddd00000)
  from space 12800K, 0% used [0x00000000ddd00000,0x00000000ddd00000,0x00000000de980000)
  to   space 13312K, 0% used [0x00000000e6b80000,0x00000000e6b80000,0x00000000e7880000)
 ParOldGen       total 82944K, used 22789K [0x0000000081200000, 0x0000000086300000, 0x00000000d5b80000)
  object space 82944K, 27% used [0x0000000081200000,0x0000000082841718,0x0000000086300000)
 Metaspace       used 32633K, capacity 33380K, committed 33664K, reserved 1079296K
  class space    used 3964K, capacity 4189K, committed 4224K, reserved 1048576K
Event: 5.877 GC heap after
Heap after GC invocations=9 (full 1):
 PSYoungGen      total 197120K, used 13301K [0x00000000d5b80000, 0x00000000e7880000, 0x0000000100000000)
  eden space 183808K, 0% used [0x00000000d5b80000,0x00000000d5b80000,0x00000000e0f00000)
  from space 13312K, 99% used [0x00000000e6b80000,0x00000000e787d420,0x00000000e7880000)
  to   space 15872K, 0% used [0x00000000e5980000,0x00000000e5980000,0x00000000e6900000)
 ParOldGen       total 82944K, used 24919K [0x0000000081200000, 0x0000000086300000, 0x00000000d5b80000)
  object space 82944K, 30% used [0x0000000081200000,0x0000000082a55cf8,0x0000000086300000)
 Metaspace       used 32633K, capacity 33380K, committed 33664K, reserved 1079296K
  class space    used 3964K, capacity 4189K, committed 4224K, reserved 1048576K
}
Event: 6.337 GC heap before
{Heap before GC invocations=10 (full 1):
 PSYoungGen      total 197120K, used 56010K [0x00000000d5b80000, 0x00000000e7880000, 0x0000000100000000)
  eden space 183808K, 23% used [0x00000000d5b80000,0x00000000d85356c8,0x00000000e0f00000)
  from space 13312K, 99% used [0x00000000e6b80000,0x00000000e787d420,0x00000000e7880000)
  to   space 15872K, 0% used [0x00000000e5980000,0x00000000e5980000,0x00000000e6900000)
 ParOldGen       total 82944K, used 24919K [0x0000000081200000, 0x0000000086300000, 0x00000000d5b80000)
  object space 82944K, 30% used [0x0000000081200000,0x0000000082a55cf8,0x0000000086300000)
 Metaspace       used 34607K, capacity 35380K, committed 35496K, reserved 1081344K
  class space    used 4260K, capacity 4485K, committed 4520K, reserved 1048576K
Event: 6.349 GC heap after
Heap after GC invocations=10 (full 1):
 PSYoungGen      total 238592K, used 9360K [0x00000000d5b80000, 0x00000000e6c00000, 0x0000000100000000)
  eden space 228864K, 0% used [0x00000000d5b80000,0x00000000d5b80000,0x00000000e3b00000)
  from space 9728K, 96% used [0x00000000e5980000,0x00000000e62a4388,0x00000000e6300000)
  to   space 9216K, 0% used [0x00000000e6300000,0x00000000e6300000,0x00000000e6c00000)
 ParOldGen       total 82944K, used 24927K [0x0000000081200000, 0x0000000086300000, 0x00000000d5b80000)
  object space 82944K, 30% used [0x0000000081200000,0x0000000082a57cf8,0x0000000086300000)
 Metaspace       used 34607K, capacity 35380K, committed 35496K, reserved 1081344K
  class space    used 4260K, capacity 4485K, committed 4520K, reserved 1048576K
}
Event: 6.349 GC heap before
{Heap before GC invocations=11 (full 2):
 PSYoungGen      total 238592K, used 9360K [0x00000000d5b80000, 0x00000000e6c00000, 0x0000000100000000)
  eden space 228864K, 0% used [0x00000000d5b80000,0x00000000d5b80000,0x00000000e3b00000)
  from space 9728K, 96% used [0x00000000e5980000,0x00000000e62a4388,0x00000000e6300000)
  to   space 9216K, 0% used [0x00000000e6300000,0x00000000e6300000,0x00000000e6c00000)
 ParOldGen       total 82944K, used 24927K [0x0000000081200000, 0x0000000086300000, 0x00000000d5b80000)
  object space 82944K, 30% used [0x0000000081200000,0x0000000082a57cf8,0x0000000086300000)
 Metaspace       used 34607K, capacity 35380K, committed 35496K, reserved 1081344K
  class space    used 4260K, capacity 4485K, committed 4520K, reserved 1048576K
Event: 6.423 GC heap after
Heap after GC invocations=11 (full 2):
 PSYoungGen      total 238592K, used 0K [0x00000000d5b80000, 0x00000000e6c00000, 0x0000000100000000)
  eden space 228864K, 0% used [0x00000000d5b80000,0x00000000d5b80000,0x00000000e3b00000)
  from space 9728K, 0% used [0x00000000e5980000,0x00000000e5980000,0x00000000e6300000)
  to   space 9216K, 0% used [0x00000000e6300000,0x00000000e6300000,0x00000000e6c00000)
 ParOldGen       total 123904K, used 28795K [0x0000000081200000, 0x0000000088b00000, 0x00000000d5b80000)
  object space 123904K, 23% used [0x0000000081200000,0x0000000082e1eda0,0x0000000088b00000)
 Metaspace       used 34607K, capacity 35380K, committed 35496K, reserved 1081344K
  class space    used 4260K, capacity 4485K, committed 4520K, reserved 1048576K
}

