# JRE version: Java(TM) SE Runtime Environment (8.0_161-b12) (build 1.8.0_161-b12)
# Java VM: Java HotSpot(TM) 64-Bit Server VM (25.161-b12 mixed mode windows-amd64 compressed oops)
Heap:
 PSYoungGen      total 71680K, used 8342K [0x00000000d5b80000, 0x00000000da680000, 0x0000000100000000)
  eden space 66560K, 4% used [0x00000000d5b80000,0x00000000d5eabde0,0x00000000d9c80000)
  from space 5120K, 99% used [0x00000000d9c80000,0x00000000da179df8,0x00000000da180000)
  to   space 5120K, 0% used [0x00000000da180000,0x00000000da180000,0x00000000da680000)
 ParOldGen       total 77312K, used 29310K [0x0000000081200000, 0x0000000085d80000, 0x00000000d5b80000)
  object space 77312K, 37% used [0x0000000081200000,0x0000000082e9fbd8,0x0000000085d80000)
 Metaspace       used 39049K, capacity 39700K, committed 40112K, reserved 1085440K
  class space    used 4778K, capacity 4960K, committed 5040K, reserved 1048576K
GC Heap History (10 events):
Event: 6.796 GC heap before
{Heap before GC invocations=11 (full 1):
 PSYoungGen      total 71680K, used 71678K [0x00000000d5b80000, 0x00000000da680000, 0x0000000100000000)
  eden space 66560K, 100% used [0x00000000d5b80000,0x00000000d9c80000,0x00000000d9c80000)
  from space 5120K, 99% used [0x00000000d9c80000,0x00000000da17f988,0x00000000da180000)
  to   space 5120K, 0% used [0x00000000da180000,0x00000000da180000,0x00000000da680000)
 ParOldGen       total 77312K, used 22047K [0x0000000081200000, 0x0000000085d80000, 0x00000000d5b80000)
  object space 77312K, 28% used [0x0000000081200000,0x0000000082787dc8,0x0000000085d80000)
 Metaspace       used 30738K, capacity 31330K, committed 31536K, reserved 1077248K
  class space    used 3683K, capacity 3853K, committed 3888K, reserved 1048576K
Event: 6.809 GC heap after
Heap after GC invocations=11 (full 1):
 PSYoungGen      total 71680K, used 5106K [0x00000000d5b80000, 0x00000000da680000, 0x0000000100000000)
  eden space 66560K, 0% used [0x00000000d5b80000,0x00000000d5b80000,0x00000000d9c80000)
  from space 5120K, 99% used [0x00000000da180000,0x00000000da67cbc0,0x00000000da680000)
  to   space 5120K, 0% used [0x00000000d9c80000,0x00000000d9c80000,0x00000000da180000)
 ParOldGen       total 77312K, used 26078K [0x0000000081200000, 0x0000000085d80000, 0x00000000d5b80000)
  object space 77312K, 33% used [0x0000000081200000,0x0000000082b77838,0x0000000085d80000)
 Metaspace       used 30738K, capacity 31330K, committed 31536K, reserved 1077248K
  class space    used 3683K, capacity 3853K, committed 3888K, reserved 1048576K
}
Event: 7.770 GC heap before
{Heap before GC invocations=12 (full 1):
 PSYoungGen      total 71680K, used 71666K [0x00000000d5b80000, 0x00000000da680000, 0x0000000100000000)
  eden space 66560K, 100% used [0x00000000d5b80000,0x00000000d9c80000,0x00000000d9c80000)
  from space 5120K, 99% used [0x00000000da180000,0x00000000da67cbc0,0x00000000da680000)
  to   space 5120K, 0% used [0x00000000d9c80000,0x00000000d9c80000,0x00000000da180000)
 ParOldGen       total 77312K, used 26078K [0x0000000081200000, 0x0000000085d80000, 0x00000000d5b80000)
  object space 77312K, 33% used [0x0000000081200000,0x0000000082b77838,0x0000000085d80000)
 Metaspace       used 33992K, capacity 34678K, committed 34864K, reserved 1079296K
  class space    used 4125K, capacity 4315K, committed 4400K, reserved 1048576K
Event: 7.780 GC heap after
Heap after GC invocations=12 (full 1):
 PSYoungGen      total 71680K, used 5103K [0x00000000d5b80000, 0x00000000da680000, 0x0000000100000000)
  eden space 66560K, 0% used [0x00000000d5b80000,0x00000000d5b80000,0x00000000d9c80000)
  from space 5120K, 99% used [0x00000000d9c80000,0x00000000da17bd40,0x00000000da180000)
  to   space 5120K, 0% used [0x00000000da180000,0x00000000da180000,0x00000000da680000)
 ParOldGen       total 77312K, used 31118K [0x0000000081200000, 0x0000000085d80000, 0x00000000d5b80000)
  object space 77312K, 40% used [0x0000000081200000,0x0000000083063b40,0x0000000085d80000)
 Metaspace       used 33992K, capacity 34678K, committed 34864K, reserved 1079296K
  class space    used 4125K, capacity 4315K, committed 4400K, reserved 1048576K
}
Event: 7.996 GC heap before
{Heap before GC invocations=13 (full 1):
 PSYoungGen      total 71680K, used 25887K [0x00000000d5b80000, 0x00000000da680000, 0x0000000100000000)
  eden space 66560K, 31% used [0x00000000d5b80000,0x00000000d6fcc0a0,0x00000000d9c80000)
  from space 5120K, 99% used [0x00000000d9c80000,0x00000000da17bd40,0x00000000da180000)
  to   space 5120K, 0% used [0x00000000da180000,0x00000000da180000,0x00000000da680000)
 ParOldGen       total 77312K, used 31118K [0x0000000081200000, 0x0000000085d80000, 0x00000000d5b80000)
  object space 77312K, 40% used [0x0000000081200000,0x0000000083063b40,0x0000000085d80000)
 Metaspace       used 34724K, capacity 35324K, committed 35496K, reserved 1081344K
  class space    used 4213K, capacity 4380K, committed 4400K, reserved 1048576K
Event: 8.001 GC heap after
Heap after GC invocations=13 (full 1):
 PSYoungGen      total 71680K, used 1406K [0x00000000d5b80000, 0x00000000da680000, 0x0000000100000000)
  eden space 66560K, 0% used [0x00000000d5b80000,0x00000000d5b80000,0x00000000d9c80000)
  from space 5120K, 27% used [0x00000000da180000,0x00000000da2df9d0,0x00000000da680000)
  to   space 5120K, 0% used [0x00000000d9c80000,0x00000000d9c80000,0x00000000da180000)
 ParOldGen       total 77312K, used 33736K [0x0000000081200000, 0x0000000085d80000, 0x00000000d5b80000)
  object space 77312K, 43% used [0x0000000081200000,0x00000000832f2038,0x0000000085d80000)
 Metaspace       used 34724K, capacity 35324K, committed 35496K, reserved 1081344K
  class space    used 4213K, capacity 4380K, committed 4400K, reserved 1048576K
}
Event: 8.001 GC heap before
{Heap before GC invocations=14 (full 2):
 PSYoungGen      total 71680K, used 1406K [0x00000000d5b80000, 0x00000000da680000, 0x0000000100000000)
  eden space 66560K, 0% used [0x00000000d5b80000,0x00000000d5b80000,0x00000000d9c80000)
  from space 5120K, 27% used [0x00000000da180000,0x00000000da2df9d0,0x00000000da680000)
  to   space 5120K, 0% used [0x00000000d9c80000,0x00000000d9c80000,0x00000000da180000)
 ParOldGen       total 77312K, used 33736K [0x0000000081200000, 0x0000000085d80000, 0x00000000d5b80000)
  object space 77312K, 43% used [0x0000000081200000,0x00000000832f2038,0x0000000085d80000)
 Metaspace       used 34724K, capacity 35324K, committed 35496K, reserved 1081344K
  class space    used 4213K, capacity 4380K, committed 4400K, reserved 1048576K
Event: 8.086 GC heap after
Heap after GC invocations=14 (full 2):
 PSYoungGen      total 71680K, used 0K [0x00000000d5b80000, 0x00000000da680000, 0x0000000100000000)
  eden space 66560K, 0% used [0x00000000d5b80000,0x00000000d5b80000,0x00000000d9c80000)
  from space 5120K, 0% used [0x00000000da180000,0x00000000da180000,0x00000000da680000)
  to   space 5120K, 0% used [0x00000000d9c80000,0x00000000d9c80000,0x00000000da180000)
 ParOldGen       total 77312K, used 24985K [0x0000000081200000, 0x0000000085d80000, 0x00000000d5b80000)
  object space 77312K, 32% used [0x0000000081200000,0x0000000082a667e0,0x0000000085d80000)
 Metaspace       used 34724K, capacity 35324K, committed 35496K, reserved 1081344K
  class space    used 4213K, capacity 4380K, committed 4400K, reserved 1048576K
}
Event: 9.341 GC heap before
{Heap before GC invocations=15 (full 2):
 PSYoungGen      total 71680K, used 66560K [0x00000000d5b80000, 0x00000000da680000, 0x0000000100000000)
  eden space 66560K, 100% used [0x00000000d5b80000,0x00000000d9c80000,0x00000000d9c80000)
  from space 5120K, 0% used [0x00000000da180000,0x00000000da180000,0x00000000da680000)
  to   space 5120K, 0% used [0x00000000d9c80000,0x00000000d9c80000,0x00000000da180000)
 ParOldGen       total 77312K, used 24985K [0x0000000081200000, 0x0000000085d80000, 0x00000000d5b80000)
  object space 77312K, 32% used [0x0000000081200000,0x0000000082a667e0,0x0000000085d80000)
 Metaspace       used 38938K, capacity 39604K, committed 39856K, reserved 1083392K
  class space    used 4762K, capacity 4928K, committed 5040K, reserved 1048576K
Event: 9.350 GC heap after
Heap after GC invocations=15 (full 2):
 PSYoungGen      total 71680K, used 5095K [0x00000000d5b80000, 0x00000000da680000, 0x0000000100000000)
  eden space 66560K, 0% used [0x00000000d5b80000,0x00000000d5b80000,0x00000000d9c80000)
  from space 5120K, 99% used [0x00000000d9c80000,0x00000000da179df8,0x00000000da180000)
  to   space 5120K, 0% used [0x00000000da180000,0x00000000da180000,0x00000000da680000)
 ParOldGen       total 77312K, used 29310K [0x0000000081200000, 0x0000000085d80000, 0x00000000d5b80000)
  object space 77312K, 37% used [0x0000000081200000,0x0000000082e9fbd8,0x0000000085d80000)
 Metaspace       used 38938K, capacity 39604K, committed 39856K, reserved 1083392K
  class space    used 4762K, capacity 4928K, committed 5040K, reserved 1048576K
}

